<?xml version="1.0" encoding="UTF-8"?>
<!-- Generated by org.testng.reporters.JUnitReportReporter -->
<testsuite hostname="LAPTOP-2PRRMHPJ" failures="0" tests="9" name="com.tutorialninja.qa.testcases.LoginTest" time="100.561" errors="0" timestamp="27 Apr 2023 16:11:36 GMT" skipped="0">
  <testcase classname="com.tutorialninja.qa.testcases.LoginTest" name="verifyNinjaTutorialLoginWithValidUsernameAndValidPassword" time="10.738"/>
  <testcase classname="com.tutorialninja.qa.testcases.LoginTest" name="verifyNinjaTutorialLoginWithValidUsernameAndValidPassword" time="9.699"/>
  <testcase classname="com.tutorialninja.qa.testcases.LoginTest" name="verifyNinjaTutorialLoginWithValidUsernameAndValidPassword" time="11.190"/>
  <testcase classname="com.tutorialninja.qa.testcases.LoginTest" name="verifyNinjaTutorialLoginWithValidUsernameAndValidPassword" time="14.120"/>
  <testcase classname="com.tutorialninja.qa.testcases.LoginTest" name="verifyNinjaTutorialLoginWithInvalidUsernameAndInvalidPassword" time="9.149"/>
  <testcase classname="com.tutorialninja.qa.testcases.LoginTest" name="verifyNinjaTutorialLoginWithValidUsernameAndInvalidPassword" time="8.720"/>
  <testcase classname="com.tutorialninja.qa.testcases.LoginTest" name="verifyNinjaTutorialLoginWithEmptyUsernameAndvalidPassword" time="15.849"/>
  <testcase classname="com.tutorialninja.qa.testcases.LoginTest" name="verifyNinjaTutorialLoginWithValidUsernameAndEmptyPassword" time="11.369"/>
  <testcase classname="com.tutorialninja.qa.testcases.LoginTest" name="verifyNinjaTutorialLoginWithEmptyUsernameAndEmptyPassword" time="9.727"/>
</testsuite> <!-- com.tutorialninja.qa.testcases.LoginTest -->
