<?xml version="1.0" encoding="UTF-8"?>
<!-- Generated by org.testng.reporters.JUnitReportReporter -->
<testsuite hostname="LAPTOP-2PRRMHPJ" failures="0" tests="2" name="com.tutorialninja.qa.testcases.RegisterTest" time="90.064" errors="0" timestamp="27 Apr 2023 16:11:37 GMT" skipped="0">
  <testcase classname="com.tutorialninja.qa.testcases.RegisterTest" name="enterAllValidFields" time="79.434"/>
  <testcase classname="com.tutorialninja.qa.testcases.RegisterTest" name="enterSameCredentialsAllValidFields" time="10.630"/>
</testsuite> <!-- com.tutorialninja.qa.testcases.RegisterTest -->
