<?xml version="1.0" encoding="UTF-8"?>
<!-- Generated by org.testng.reporters.JUnitReportReporter -->
<testsuite skipped="0" hostname="LAPTOP-2PRRMHPJ" name="com.tutorialninja.qa.testcases.RegisterTest" tests="1" failures="0" timestamp="24 Apr 2023 22:47:11 GMT" time="52.975" errors="0">
  <testcase name="enterAllValidFields" time="52.975" classname="com.tutorialninja.qa.testcases.RegisterTest"/>
</testsuite> <!-- com.tutorialninja.qa.testcases.RegisterTest -->
