<?xml version="1.0" encoding="UTF-8"?>
<!-- Generated by org.testng.reporters.JUnitReportReporter -->
<testsuite skipped="0" hostname="LAPTOP-2PRRMHPJ" name="com.tutorialninja.qa.testcases.LoginTest" tests="4" failures="0" timestamp="24 Apr 2023 22:47:11 GMT" time="148.061" errors="0">
  <testcase name="verifyNinjaTutorialLoginWithValidUsernameAndValidPassword" time="12.393" classname="com.tutorialninja.qa.testcases.LoginTest"/>
  <testcase name="verifyNinjaTutorialLoginWithValidUsernameAndValidPassword" time="20.449" classname="com.tutorialninja.qa.testcases.LoginTest"/>
  <testcase name="verifyNinjaTutorialLoginWithValidUsernameAndValidPassword" time="13.797" classname="com.tutorialninja.qa.testcases.LoginTest"/>
  <testcase name="verifyNinjaTutorialLoginWithValidUsernameAndValidPassword" time="101.422" classname="com.tutorialninja.qa.testcases.LoginTest"/>
</testsuite> <!-- com.tutorialninja.qa.testcases.LoginTest -->
